ParseLoginSampleBasic/build/outputs/logs/manifest-merger-debug-report.txt
-- Merging decision tree log ---
manifest
ADDED from src/main/AndroidManifest.xml:21:1-83:12
	xmlns:android
		ADDED from src/main/AndroidManifest.xml:21:11-69
	package
		ADDED from src/main/AndroidManifest.xml:22:11-48
	android:versionName
		ADDED from src/main/AndroidManifest.xml:24:11-36
	android:versionCode
		ADDED from src/main/AndroidManifest.xml:23:11-34
		INJECTED from src/main/AndroidManifest.xml
		INJECTED from src/main/AndroidManifest.xml
uses-sdk
ADDED from src/main/AndroidManifest.xml:26:5-28:40
MERGED from [com.facebook.android:facebook-android-sdk:4.5.0] AndroidManifest.xml:24:5-26:41
MERGED from [com.android.support:support-v4:22.2.0] AndroidManifest.xml:20:5-43
MERGED from [CMVAndroid:ParseLoginUI:unspecified] AndroidManifest.xml:25:5-27:41
MERGED from [com.android.support:support-v4:22.2.0] AndroidManifest.xml:20:5-43
MERGED from [com.android.support:support-v4:22.2.0] AndroidManifest.xml:20:5-43
	android:targetSdkVersion
		ADDED from src/main/AndroidManifest.xml:28:9-38
		INJECTED from src/main/AndroidManifest.xml
		INJECTED from src/main/AndroidManifest.xml
	android:minSdkVersion
		ADDED from src/main/AndroidManifest.xml:27:9-34
		INJECTED from src/main/AndroidManifest.xml
		INJECTED from src/main/AndroidManifest.xml
uses-permission#android.permission.INTERNET
ADDED from src/main/AndroidManifest.xml:30:5-66
	android:name
		ADDED from src/main/AndroidManifest.xml:30:22-64
uses-permission#android.permission.ACCESS_NETWORK_STATE
ADDED from src/main/AndroidManifest.xml:31:5-78
	android:name
		ADDED from src/main/AndroidManifest.xml:31:22-76
application
ADDED from src/main/AndroidManifest.xml:33:5-81:19
MERGED from [com.facebook.android:facebook-android-sdk:4.5.0] AndroidManifest.xml:28:5-20
MERGED from [com.android.support:support-v4:22.2.0] AndroidManifest.xml:22:5-20
MERGED from [CMVAndroid:ParseLoginUI:unspecified] AndroidManifest.xml:29:5-20
MERGED from [com.android.support:support-v4:22.2.0] AndroidManifest.xml:22:5-20
MERGED from [com.android.support:support-v4:22.2.0] AndroidManifest.xml:22:5-20
	android:label
		ADDED from src/main/AndroidManifest.xml:37:9-41
	android:allowBackup
		ADDED from src/main/AndroidManifest.xml:35:9-35
	android:icon
		ADDED from src/main/AndroidManifest.xml:36:9-45
	android:theme
		ADDED from src/main/AndroidManifest.xml:38:9-40
	android:name
		ADDED from src/main/AndroidManifest.xml:34:9-42
activity#com.parse.loginsample.basic.SampleProfileActivity
ADDED from src/main/AndroidManifest.xml:39:9-48:20
	android:label
		ADDED from src/main/AndroidManifest.xml:41:13-45
	android:name
		ADDED from src/main/AndroidManifest.xml:40:13-50
	android:launchMode
		ADDED from src/main/AndroidManifest.xml:42:13-43
intent-filter#android.intent.action.MAIN+android.intent.category.LAUNCHER
ADDED from src/main/AndroidManifest.xml:43:13-47:29
action#android.intent.action.MAIN
ADDED from src/main/AndroidManifest.xml:44:17-68
	android:name
		ADDED from src/main/AndroidManifest.xml:44:25-66
category#android.intent.category.LAUNCHER
ADDED from src/main/AndroidManifest.xml:46:17-76
	android:name
		ADDED from src/main/AndroidManifest.xml:46:27-74
activity#com.parse.ui.ParseLoginActivity
ADDED from src/main/AndroidManifest.xml:49:9-65:20
	android:label
		ADDED from src/main/AndroidManifest.xml:51:13-45
	android:name
		ADDED from src/main/AndroidManifest.xml:50:13-59
	android:launchMode
		ADDED from src/main/AndroidManifest.xml:52:13-43
meta-data#com.parse.ui.ParseLoginActivity.PARSE_LOGIN_ENABLED
ADDED from src/main/AndroidManifest.xml:53:13-55:39
	android:name
		ADDED from src/main/AndroidManifest.xml:54:17-83
	android:value
		ADDED from src/main/AndroidManifest.xml:55:17-37
meta-data#com.parse.ui.ParseLoginActivity.PARSE_LOGIN_EMAIL_AS_USERNAME
ADDED from src/main/AndroidManifest.xml:56:13-58:39
	android:name
		ADDED from src/main/AndroidManifest.xml:57:17-93
	android:value
		ADDED from src/main/AndroidManifest.xml:58:17-37
meta-data#com.parse.ui.ParseLoginActivity.FACEBOOK_LOGIN_ENABLED
ADDED from src/main/AndroidManifest.xml:59:13-61:39
	android:name
		ADDED from src/main/AndroidManifest.xml:60:17-86
	android:value
		ADDED from src/main/AndroidManifest.xml:61:17-37
meta-data#com.parse.ui.ParseLoginActivity.TWITTER_LOGIN_ENABLED
ADDED from src/main/AndroidManifest.xml:62:13-64:39
	android:name
		ADDED from src/main/AndroidManifest.xml:63:17-85
	android:value
		ADDED from src/main/AndroidManifest.xml:64:17-37
activity#com.facebook.FacebookActivity
ADDED from src/main/AndroidManifest.xml:66:9-70:54
	android:label
		ADDED from src/main/AndroidManifest.xml:70:19-51
	android:configChanges
		ADDED from src/main/AndroidManifest.xml:67:19-125
	android:theme
		ADDED from src/main/AndroidManifest.xml:69:19-78
	android:name
		ADDED from src/main/AndroidManifest.xml:66:19-63
meta-data#com.parse.APPLICATION_ID
ADDED from src/main/AndroidManifest.xml:72:9-74:52
	android:name
		ADDED from src/main/AndroidManifest.xml:73:13-52
	android:value
		ADDED from src/main/AndroidManifest.xml:74:13-49
meta-data#com.parse.CLIENT_KEY
ADDED from src/main/AndroidManifest.xml:75:9-77:56
	android:name
		ADDED from src/main/AndroidManifest.xml:76:13-48
	android:value
		ADDED from src/main/AndroidManifest.xml:77:13-53
meta-data#com.facebook.sdk.ApplicationId
ADDED from src/main/AndroidManifest.xml:78:9-80:54
	android:name
		ADDED from src/main/AndroidManifest.xml:79:13-58
	android:value
		ADDED from src/main/AndroidManifest.xml:80:13-52